<?xml version="1.0" encoding="UTF-8"?>
<!-- Generated by org.testng.reporters.JUnitReportReporter -->
<testsuite hostname="Tahseen" failures="0" tests="1" name="postmanApi.SumValidation" time="2.774" errors="0" timestamp="12 Oct 2021 02:24:13 GMT" skipped="0">
  <testcase classname="postmanApi.SumValidation" name="sumofCources" time="2.774"/>
</testsuite> <!-- postmanApi.SumValidation -->
