<?xml version="1.0" encoding="UTF-8"?>
<!-- Generated by org.testng.reporters.JUnitReportReporter -->
<testsuite hostname="Tahseen" failures="0" tests="3" name="postmanApi.DynamicJson" time="6.101" errors="0" timestamp="28 Sep 2021 07:11:43 GMT" skipped="0">
  <testcase classname="postmanApi.DynamicJson" name="addbook" time="0.490"/>
  <testcase classname="postmanApi.DynamicJson" name="addbook" time="5.116"/>
  <testcase classname="postmanApi.DynamicJson" name="addbook" time="0.495"/>
</testsuite> <!-- postmanApi.DynamicJson -->
